2024-12-10T05:42:00.694-05:00  INFO 15344 --- [base] [restartedMain] com.base.base.BaseApplication            : Starting BaseApplication using Java 17.0.8.1 with PID 15344 (F:\ESPACIOS\26\juntos_baseback\target\classes started by VLADIMIR in F:\ESPACIOS\26\juntos_baseback)
2024-12-10T05:42:00.702-05:00  INFO 15344 --- [base] [restartedMain] com.base.base.BaseApplication            : The following 1 profile is active: "local"
2024-12-10T05:42:03.055-05:00  INFO 15344 --- [base] [restartedMain] o.apache.catalina.core.StandardService   : Starting service [Tomcat]
2024-12-10T05:42:03.056-05:00  INFO 15344 --- [base] [restartedMain] o.apache.catalina.core.StandardEngine    : Starting Servlet engine: [Apache Tomcat/10.1.33]
2024-12-10T05:42:03.150-05:00  INFO 15344 --- [base] [restartedMain] o.a.c.c.C.[.[.[/seguimiento_back/v1]     : Initializing Spring embedded WebApplicationContext
2024-12-10T05:42:03.929-05:00  INFO 15344 --- [base] [restartedMain] com.base.base.BaseApplication            : Started BaseApplication in 4.014 seconds (process running for 5.463)
2024-12-10T06:26:11.009-05:00  INFO 3552 --- [base] [restartedMain] com.base.base.BaseApplication            : Starting BaseApplication using Java 17.0.8.1 with PID 3552 (F:\ESPACIOS\26\juntos_baseback\target\classes started by VLADIMIR in F:\ESPACIOS\26\juntos_baseback)
2024-12-10T06:26:11.012-05:00  INFO 3552 --- [base] [restartedMain] com.base.base.BaseApplication            : The following 1 profile is active: "local"
2024-12-10T06:26:12.683-05:00  INFO 3552 --- [base] [restartedMain] o.apache.catalina.core.StandardService   : Starting service [Tomcat]
2024-12-10T06:26:12.684-05:00  INFO 3552 --- [base] [restartedMain] o.apache.catalina.core.StandardEngine    : Starting Servlet engine: [Apache Tomcat/10.1.33]
2024-12-10T06:26:12.757-05:00  INFO 3552 --- [base] [restartedMain] o.a.c.c.C.[.[.[/seguimiento_back/v1]     : Initializing Spring embedded WebApplicationContext
2024-12-10T06:26:13.401-05:00  INFO 3552 --- [base] [restartedMain] com.base.base.BaseApplication            : Started BaseApplication in 3.068 seconds (process running for 4.279)
2024-12-10T06:26:23.190-05:00  INFO 3552 --- [base] [restartedMain] com.base.base.BaseApplication            : Starting BaseApplication using Java 17.0.8.1 with PID 3552 (F:\ESPACIOS\26\juntos_baseback\target\classes started by VLADIMIR in F:\ESPACIOS\26\juntos_baseback)
2024-12-10T06:26:23.191-05:00  INFO 3552 --- [base] [restartedMain] com.base.base.BaseApplication            : The following 1 profile is active: "local"
2024-12-10T06:26:23.469-05:00  INFO 3552 --- [base] [restartedMain] o.apache.catalina.core.StandardService   : Starting service [Tomcat]
2024-12-10T06:26:23.469-05:00  INFO 3552 --- [base] [restartedMain] o.apache.catalina.core.StandardEngine    : Starting Servlet engine: [Apache Tomcat/10.1.33]
2024-12-10T06:26:23.508-05:00  INFO 3552 --- [base] [restartedMain] o.a.c.c.C.[.[.[/seguimiento_back/v1]     : Initializing Spring embedded WebApplicationContext
2024-12-10T06:26:23.701-05:00  INFO 3552 --- [base] [restartedMain] com.base.base.BaseApplication            : Started BaseApplication in 0.579 seconds (process running for 14.579)
2024-12-10T06:26:25.549-05:00  INFO 3552 --- [base] [http-nio-8081-exec-2] o.a.c.c.C.[.[.[/seguimiento_back/v1]     : Initializing Spring DispatcherServlet 'dispatcherServlet'
2024-12-10T06:26:28.160-05:00  INFO 3552 --- [base] [restartedMain] com.base.base.BaseApplication            : Starting BaseApplication using Java 17.0.8.1 with PID 3552 (F:\ESPACIOS\26\juntos_baseback\target\classes started by VLADIMIR in F:\ESPACIOS\26\juntos_baseback)
2024-12-10T06:26:28.161-05:00  INFO 3552 --- [base] [restartedMain] com.base.base.BaseApplication            : The following 1 profile is active: "local"
2024-12-10T06:26:28.846-05:00  INFO 3552 --- [base] [restartedMain] o.apache.catalina.core.StandardService   : Starting service [Tomcat]
2024-12-10T06:26:28.846-05:00  INFO 3552 --- [base] [restartedMain] o.apache.catalina.core.StandardEngine    : Starting Servlet engine: [Apache Tomcat/10.1.33]
2024-12-10T06:26:28.871-05:00  INFO 3552 --- [base] [restartedMain] o.a.c.c.C.[.[.[/seguimiento_back/v1]     : Initializing Spring embedded WebApplicationContext
2024-12-10T06:26:29.074-05:00  INFO 3552 --- [base] [restartedMain] com.base.base.BaseApplication            : Started BaseApplication in 0.943 seconds (process running for 19.953)
2024-12-10T06:27:38.273-05:00  INFO 17252 --- [base] [restartedMain] com.base.base.BaseApplication            : Starting BaseApplication using Java 17.0.8.1 with PID 17252 (F:\ESPACIOS\26\juntos_baseback\target\classes started by VLADIMIR in F:\ESPACIOS\26\juntos_baseback)
2024-12-10T06:27:38.278-05:00  INFO 17252 --- [base] [restartedMain] com.base.base.BaseApplication            : The following 1 profile is active: "local"
2024-12-10T06:27:40.219-05:00  INFO 17252 --- [base] [restartedMain] o.apache.catalina.core.StandardService   : Starting service [Tomcat]
2024-12-10T06:27:40.220-05:00  INFO 17252 --- [base] [restartedMain] o.apache.catalina.core.StandardEngine    : Starting Servlet engine: [Apache Tomcat/10.1.33]
2024-12-10T06:27:40.310-05:00  INFO 17252 --- [base] [restartedMain] o.a.c.c.C.[.[.[/seguimiento_back/v1]     : Initializing Spring embedded WebApplicationContext
2024-12-10T06:27:41.299-05:00  INFO 17252 --- [base] [restartedMain] com.base.base.BaseApplication            : Started BaseApplication in 3.718 seconds (process running for 6.149)
2024-12-10T06:28:06.301-05:00  INFO 17252 --- [base] [http-nio-8081-exec-1] o.a.c.c.C.[.[.[/seguimiento_back/v1]     : Initializing Spring DispatcherServlet 'dispatcherServlet'
2024-12-10T06:28:51.833-05:00  INFO 17252 --- [base] [http-nio-8081-exec-1] com.zaxxer.hikari.HikariDataSource       : HikariPool-1 - Starting...
2024-12-10T06:28:52.967-05:00  INFO 17252 --- [base] [http-nio-8081-exec-1] com.zaxxer.hikari.pool.HikariPool        : HikariPool-1 - Added connection com.mysql.cj.jdbc.ConnectionImpl@6392d898
2024-12-10T06:28:52.977-05:00  INFO 17252 --- [base] [http-nio-8081-exec-1] com.zaxxer.hikari.HikariDataSource       : HikariPool-1 - Start completed.
2024-12-10T06:29:00.857-05:00  INFO 17252 --- [base] [SpringApplicationShutdownHook] com.zaxxer.hikari.HikariDataSource       : HikariPool-1 - Shutdown initiated...
2024-12-10T06:29:00.870-05:00  INFO 17252 --- [base] [SpringApplicationShutdownHook] com.zaxxer.hikari.HikariDataSource       : HikariPool-1 - Shutdown completed.
2024-12-10T06:36:20.662-05:00  INFO 9820 --- [base] [restartedMain] com.base.base.BaseApplication            : Starting BaseApplication using Java 17.0.8.1 with PID 9820 (F:\ESPACIOS\26\juntos_baseback\target\classes started by VLADIMIR in F:\ESPACIOS\26\juntos_baseback)
2024-12-10T06:36:20.665-05:00  INFO 9820 --- [base] [restartedMain] com.base.base.BaseApplication            : The following 1 profile is active: "local"
2024-12-10T06:36:22.624-05:00  INFO 9820 --- [base] [restartedMain] o.apache.catalina.core.StandardService   : Starting service [Tomcat]
2024-12-10T06:36:22.625-05:00  INFO 9820 --- [base] [restartedMain] o.apache.catalina.core.StandardEngine    : Starting Servlet engine: [Apache Tomcat/10.1.33]
2024-12-10T06:36:22.703-05:00  INFO 9820 --- [base] [restartedMain] o.a.c.c.C.[.[.[/seguimiento_back/v1]     : Initializing Spring embedded WebApplicationContext
2024-12-10T06:36:23.388-05:00  INFO 9820 --- [base] [restartedMain] com.base.base.BaseApplication            : Started BaseApplication in 3.389 seconds (process running for 4.326)
2024-12-10T06:36:33.505-05:00  INFO 9820 --- [base] [http-nio-8081-exec-1] o.a.c.c.C.[.[.[/seguimiento_back/v1]     : Initializing Spring DispatcherServlet 'dispatcherServlet'
